### Custom WaveView ADV log file, revision S-2021.09-SP2 (build Feb 24, ) ###
### created at 04:49:29 on Sun Nov 19 2023 (Linux AMD64) ###
### Host Name: lab28.ece.stonybrook.edu   User ID: msudhanan   PID: 17663   ###
wv_start_log
# (0) running in waveview only mode
# (0) SW_SX_PERL_LIB defined
# (0) SW_SX_TCL_LIB defined
# (0) HOME defined
sx_open_sim_file_read {DFF_hspice.tr0}
wv_expand_tree_item {Custom WaveView} {} {hierview} {D0:DFF_hspice.tr0(0)} {+sep=@}
wv_select_tree_item {Custom WaveView} {} {hierview} {D0:DFF_hspice.tr0(0)@toplevel(0)} {0} {+sep=@}
wv_select_list_item {Custom WaveView} {} {sigview} {v(clk)} 5
wv_drag_list_item {Custom WaveView} {} {sigview} {v(clk)} 5
wv_drag_enter WV1
wv_drop_on WV1
wv_select_list_item {Custom WaveView} {} {sigview} {v(d)} 6
wv_drag_list_item {Custom WaveView} {} {sigview} {v(d)} 6
wv_drag_enter WV1
wv_drag_to WV1 111 344
wv_drop_on WV1
wv_select_list_item {Custom WaveView} {} {sigview} {v(y6)} 9
wv_drag_list_item {Custom WaveView} {} {sigview} {v(y6)} 9
wv_drag_enter WV1
wv_drag_to WV1 124 427
wv_drop_on WV1
wv_select_list_item {Custom WaveView} {} {sigview} {v(reset)} 7
wv_drag_list_item {Custom WaveView} {} {sigview} {v(reset)} 7
wv_drag_enter WV1
wv_drag_to WV1 130 389
wv_drop_on WV1
wv_select_waveview 1 {waveview 1}
wv_select_toolbar_item {Custom WaveView} {waveview 1:1} {Ungroup Panels} 
wv_select_waveview 1 {waveview 1}
wv_select_wv_item WV1.PANEL1:1.XAXIS1
wv_drag_item_to WV1 421 19
wv_zoom_x WV1.PANEL1:1 6.1442e-09 8.48485e-09
wv_select_waveview 1 {waveview 1}
wv_select_toolbar_item {Custom WaveView} {waveview 1:1} {Undo Zoom} 
wv_select_waveview 1 {waveview 1}
wv_select_wv_item WV1.PANEL1:1.XAXIS1
wv_drag_item_to WV1 378 16
wv_zoom_x WV1.PANEL1:1 5.22466e-09 8.06688e-09
wv_select_waveview 1 {waveview 1}
wv_select_wv_item WV1.PANEL1:1.XAXIS1
wv_drag_item_to WV1 366 11
wv_zoom_x WV1.PANEL1:1 5.94295e-09 6.62757e-09
wv_press_tool_button {Custom WaveView} {} {WaveformMeasurementTool0} 
wv_resize_window {MeasurementTool} 760 749
wv_select_dialog {MeasurementTool} 
wv_select_combox_item {MeasurementTool} {} {Signal} "v(y6) DFF_hspice.tr0" 2
wv_select_combox_item {MeasurementTool} {} {RefSignal} "v(clk) DFF_hspice.tr0" 0
wv_move_window {MeasurementTool} {} 275 31
wv_set_radion {MeasurementTool} {} {RangeFullMinMax} 
wv_set_radion {MeasurementTool} {} {RangeWindowMinMax} 
wv_press_button {MeasurementTool} {} {Ok} 
wv_select_window {Custom WaveView} 
wv_select_waveview 1 {waveview 1}
wv_select_toolbar_item {Custom WaveView} {waveview 1:1} {Full Unzoom} 
wv_select_waveview 1 {waveview 1}
wv_select_wv_item WV1.MEAS1
wv_drag_item_to WV1 486 315
wv_move_wv_item WV1.MEAS1 457 339
wv_select_waveview 1 {waveview 1}
wv_select_wv_item WV1.PANEL1:1.XAXIS1
wv_drag_item_to WV1 397 16
wv_zoom_x WV1.PANEL1:1 5.62173e-09 7.18913e-09
wv_select_waveview 1 {waveview 1}
wv_select_toolbar_item {Custom WaveView} {waveview 1:1} {Undo Zoom} 
wv_select_waveview 1 {waveview 1}
wv_select_wv_item WV1.PANEL1:1.XAXIS1
wv_drag_item_to WV1 409 18
wv_zoom_x WV1.PANEL1:1 5.85162e-09 7.79519e-09
wv_press_tool_button {Custom WaveView} {} {WaveformMeasurementTool0} 
wv_select_dialog {MeasurementTool} 
wv_select_combox_item {MeasurementTool} {} {Signal} "v(d) DFF_hspice.tr0" 1
wv_select_combox_item {MeasurementTool} {} {Signal} "v(y6) DFF_hspice.tr0" 2
wv_select_combox_item {MeasurementTool} {} {RefSignal} "v(clk) DFF_hspice.tr0" 0
wv_resize_window {MeasurementTool} 760 749
wv_move_window {MeasurementTool} {} 273 31
wv_set_radion {MeasurementTool} {} {FallEdge} 
wv_set_radion {MeasurementTool} {} {OppositeEdge} 
wv_press_button {MeasurementTool} {} {Ok} 
wv_select_window {Custom WaveView} 
wv_select_waveview 1 {waveview 1}
wv_select_wv_item WV1.MEAS2
wv_drag_item_to WV1 501 315
wv_move_wv_item WV1.MEAS2 763 209
wv_select_waveview 1 {waveview 1}
wv_select_wv_item WV1.MEAS1
wv_drag_item_to WV1 549 365
wv_move_wv_item WV1.MEAS1 360 207
wv_select_waveview 1 {waveview 1}
wv_select_panel WV1.PANEL3:1 7.09248e-09 0.674664
wv_drag_item_to WV1 735 318
wv_zoom WV1.PANEL3:1 7.09248e-09 0.674664 7.09248e-09 0.570161
wv_select_waveview 1 {waveview 1}
wv_select_toolbar_item {Custom WaveView} {waveview 1:1} {Undo Zoom} 
wv_select_window {Custom WaveView} 
wv_close_window {Custom WaveView} 
wv_select_dialog {Confirmation} 
#wv_press_button {Confirmation} {} {Ok} 
